2026-06-16 14:56:04,790 - aqt.helper - DEBUG - helper 126709218382336 Attempt to download checksum at https://download.qt.io/online/qtsdkrepository/linux_x64/android/qt6_673_armv7/Updates.xml.sha256
2026-06-16 14:56:05,246 - aqt.helper - DEBUG - helper 126709218382336 Attempt to download checksum at https://download.qt.io/online/qtsdkrepository/linux_x64/android/qt6_673_armv7/Updates.xml.sha256
2026-06-16 14:56:05,696 - aqt.helper - DEBUG - helper 126709218382336 Attempt to download checksum at https://download.qt.io/online/qtsdkrepository/linux_x64/android/qt6_673_armv7/Updates.xml.sha256
2026-06-16 14:56:06,212 - aqt.helper - DEBUG - helper 126709218382336 Attempt to download checksum at https://download.qt.io/online/qtsdkrepository/linux_x64/android/qt6_673_armv7/Updates.xml.sha256
2026-06-16 14:56:06,643 - aqt.helper - DEBUG - helper 126709218382336 Attempt to download checksum at https://download.qt.io/online/qtsdkrepository/linux_x64/android/qt6_673_armv7/Updates.xml.sha256
2026-06-16 14:56:07,078 - aqt.metadata - DEBUG - metadata 126709218382336 Failed to download checksum for the file 'Updates.xml' from mirrors '['https://download.qt.io']
2026-06-16 14:56:07,079 - aqt.metadata - DEBUG - metadata 126709218382336 Failed to retrieve arches list with extension `armv7`. Please check that this extension exists for this version of Qt: if not, code changes will be necessary.
2026-06-16 14:56:07,079 - aqt.helper - DEBUG - helper 126709218382336 Attempt to download checksum at https://download.qt.io/online/qtsdkrepository/linux_x64/android/qt6_673_arm64_v8a/Updates.xml.sha256
2026-06-16 14:56:07,589 - aqt.helper - DEBUG - helper 126709218382336 Attempt to download checksum at https://download.qt.io/online/qtsdkrepository/linux_x64/android/qt6_673_arm64_v8a/Updates.xml.sha256
2026-06-16 14:56:08,037 - aqt.helper - DEBUG - helper 126709218382336 Attempt to download checksum at https://download.qt.io/online/qtsdkrepository/linux_x64/android/qt6_673_arm64_v8a/Updates.xml.sha256
2026-06-16 14:56:08,483 - aqt.helper - DEBUG - helper 126709218382336 Attempt to download checksum at https://download.qt.io/online/qtsdkrepository/linux_x64/android/qt6_673_arm64_v8a/Updates.xml.sha256
2026-06-16 14:56:08,939 - aqt.helper - DEBUG - helper 126709218382336 Attempt to download checksum at https://download.qt.io/online/qtsdkrepository/linux_x64/android/qt6_673_arm64_v8a/Updates.xml.sha256
2026-06-16 14:56:09,389 - aqt.metadata - DEBUG - metadata 126709218382336 Failed to download checksum for the file 'Updates.xml' from mirrors '['https://download.qt.io']
2026-06-16 14:56:09,390 - aqt.metadata - DEBUG - metadata 126709218382336 Failed to retrieve arches list with extension `arm64_v8a`. Please check that this extension exists for this version of Qt: if not, code changes will be necessary.
2026-06-16 14:56:09,390 - aqt.helper - DEBUG - helper 126709218382336 Attempt to download checksum at https://download.qt.io/online/qtsdkrepository/linux_x64/android/qt6_673_x86/Updates.xml.sha256
2026-06-16 14:56:09,896 - aqt.helper - DEBUG - helper 126709218382336 Attempt to download checksum at https://download.qt.io/online/qtsdkrepository/linux_x64/android/qt6_673_x86/Updates.xml.sha256
2026-06-16 14:56:10,368 - aqt.helper - DEBUG - helper 126709218382336 Attempt to download checksum at https://download.qt.io/online/qtsdkrepository/linux_x64/android/qt6_673_x86/Updates.xml.sha256
2026-06-16 14:56:10,792 - aqt.helper - DEBUG - helper 126709218382336 Attempt to download checksum at https://download.qt.io/online/qtsdkrepository/linux_x64/android/qt6_673_x86/Updates.xml.sha256
2026-06-16 14:56:11,247 - aqt.helper - DEBUG - helper 126709218382336 Attempt to download checksum at https://download.qt.io/online/qtsdkrepository/linux_x64/android/qt6_673_x86/Updates.xml.sha256
2026-06-16 14:56:11,695 - aqt.metadata - DEBUG - metadata 126709218382336 Failed to download checksum for the file 'Updates.xml' from mirrors '['https://download.qt.io']
2026-06-16 14:56:11,695 - aqt.metadata - DEBUG - metadata 126709218382336 Failed to retrieve arches list with extension `x86`. Please check that this extension exists for this version of Qt: if not, code changes will be necessary.
2026-06-16 14:56:11,695 - aqt.helper - DEBUG - helper 126709218382336 Attempt to download checksum at https://download.qt.io/online/qtsdkrepository/linux_x64/android/qt6_673_x86_64/Updates.xml.sha256
2026-06-16 14:56:12,150 - aqt.helper - DEBUG - helper 126709218382336 Attempt to download checksum at https://download.qt.io/online/qtsdkrepository/linux_x64/android/qt6_673_x86_64/Updates.xml.sha256
2026-06-16 14:56:12,608 - aqt.helper - DEBUG - helper 126709218382336 Attempt to download checksum at https://download.qt.io/online/qtsdkrepository/linux_x64/android/qt6_673_x86_64/Updates.xml.sha256
2026-06-16 14:56:13,056 - aqt.helper - DEBUG - helper 126709218382336 Attempt to download checksum at https://download.qt.io/online/qtsdkrepository/linux_x64/android/qt6_673_x86_64/Updates.xml.sha256
2026-06-16 14:56:13,521 - aqt.helper - DEBUG - helper 126709218382336 Attempt to download checksum at https://download.qt.io/online/qtsdkrepository/linux_x64/android/qt6_673_x86_64/Updates.xml.sha256
2026-06-16 14:56:13,994 - aqt.metadata - DEBUG - metadata 126709218382336 Failed to download checksum for the file 'Updates.xml' from mirrors '['https://download.qt.io']
2026-06-16 14:56:13,995 - aqt.metadata - DEBUG - metadata 126709218382336 Failed to retrieve arches list with extension `x86_64`. Please check that this extension exists for this version of Qt: if not, code changes will be necessary.
2026-06-16 14:56:13,995 - aqt.main - ERROR - installer 126709218382336 No architectures available for this request.
==============================Suggested follow-up:==============================
* Please use 'aqt list-qt linux android' to show versions of Qt available.
2026-06-16 14:56:16,776 - aqt.main - WARNING - installer 135417820201472 The parameter 'extension' with value 'arm64_v8a' is deprecated and marked for removal in a future version of aqt.
In the future, please omit this parameter.
2026-06-16 14:56:16,776 - aqt.main - WARNING - installer 135417820201472 The '--extension' flag will be ignored.
2026-06-16 14:58:16,288 - aqt.main - INFO - installer 133170031809024 aqtinstall(aqt) v3.3.0 on Python 3.14.4 [CPython GCC 15.2.0]
2026-06-16 14:58:16,288 - aqt.main - WARNING - installer 133170031809024 You are installing the android version of Qt, which requires that the desktop version of Qt is also installed. You can install it with the following command:
          `aqt install-qt linux desktop 6.7.3 linux_gcc_64`
2026-06-16 14:58:16,288 - aqt.helper - DEBUG - helper 133170031809024 Attempt to download checksum at https://download.qt.io/online/qtsdkrepository/all_os/android/qt6_673_arm64_v8a/Updates.xml.sha256
2026-06-16 14:58:17,811 - aqt.helper - DEBUG - helper 126998872060416 Attempt to download checksum at https://download.qt.io/online/qtsdkrepository/all_os/android/qt6_673_arm64_v8a/qt.qt6.673.android_arm64_v8a/6.7.3-0-202409200836qtbase-MacOS-MacOS_13-Clang-Android-Android_ANY-ARM64.7z.sha256
2026-06-16 14:58:17,812 - aqt.helper - DEBUG - helper 127543821599232 Attempt to download checksum at https://download.qt.io/online/qtsdkrepository/all_os/android/qt6_673_arm64_v8a/qt.qt6.673.android_arm64_v8a/6.7.3-0-202409200836qtdeclarative-MacOS-MacOS_13-Clang-Android-Android_ANY-ARM64.7z.sha256
2026-06-16 14:58:17,812 - aqt.helper - DEBUG - helper 128739338797568 Attempt to download checksum at https://download.qt.io/online/qtsdkrepository/all_os/android/qt6_673_arm64_v8a/qt.qt6.673.android_arm64_v8a/6.7.3-0-202409200836qtsvg-MacOS-MacOS_13-Clang-Android-Android_ANY-ARM64.7z.sha256
2026-06-16 14:58:17,814 - aqt.helper - DEBUG - helper 137784464466432 Attempt to download checksum at https://download.qt.io/online/qtsdkrepository/all_os/android/qt6_673_arm64_v8a/qt.qt6.673.android_arm64_v8a/6.7.3-0-202409200836qttools-MacOS-MacOS_13-Clang-Android-Android_ANY-ARM64.7z.sha256
2026-06-16 14:58:18,262 - aqt.helper - INFO - helper 127543821599232 Downloading qtdeclarative...
2026-06-16 14:58:18,264 - aqt.helper - INFO - helper 128739338797568 Downloading qtsvg...
2026-06-16 14:58:18,265 - aqt.helper - INFO - helper 126998872060416 Downloading qtbase...
2026-06-16 14:58:18,262 - aqt.installer - DEBUG - installer 127543821599232 Download URL: https://download.qt.io/online/qtsdkrepository/all_os/android/qt6_673_arm64_v8a/qt.qt6.673.android_arm64_v8a/6.7.3-0-202409200836qtdeclarative-MacOS-MacOS_13-Clang-Android-Android_ANY-ARM64.7z
2026-06-16 14:58:18,267 - aqt.helper - INFO - helper 137784464466432 Downloading qttools...
2026-06-16 14:58:18,266 - aqt.installer - DEBUG - installer 126998872060416 Download URL: https://download.qt.io/online/qtsdkrepository/all_os/android/qt6_673_arm64_v8a/qt.qt6.673.android_arm64_v8a/6.7.3-0-202409200836qtbase-MacOS-MacOS_13-Clang-Android-Android_ANY-ARM64.7z
2026-06-16 14:58:18,264 - aqt.installer - DEBUG - installer 128739338797568 Download URL: https://download.qt.io/online/qtsdkrepository/all_os/android/qt6_673_arm64_v8a/qt.qt6.673.android_arm64_v8a/6.7.3-0-202409200836qtsvg-MacOS-MacOS_13-Clang-Android-Android_ANY-ARM64.7z
2026-06-16 14:58:18,267 - aqt.installer - DEBUG - installer 137784464466432 Download URL: https://download.qt.io/online/qtsdkrepository/all_os/android/qt6_673_arm64_v8a/qt.qt6.673.android_arm64_v8a/6.7.3-0-202409200836qttools-MacOS-MacOS_13-Clang-Android-Android_ANY-ARM64.7z
2026-06-16 14:58:18,699 - aqt.helper - DEBUG - helper 126998872060416 Asked to redirect(302) to: https://qt.mirror.constant.com/online/qtsdkrepository/all_os/android/qt6_673_arm64_v8a/qt.qt6.673.android_arm64_v8a/6.7.3-0-202409200836qtbase-MacOS-MacOS_13-Clang-Android-Android_ANY-ARM64.7z
2026-06-16 14:58:18,699 - aqt.helper - INFO - helper 126998872060416 Redirected: qt.mirror.constant.com
2026-06-16 14:58:18,701 - aqt.helper - DEBUG - helper 137784464466432 Asked to redirect(302) to: https://qt.mirror.constant.com/online/qtsdkrepository/all_os/android/qt6_673_arm64_v8a/qt.qt6.673.android_arm64_v8a/6.7.3-0-202409200836qttools-MacOS-MacOS_13-Clang-Android-Android_ANY-ARM64.7z
2026-06-16 14:58:18,702 - aqt.helper - INFO - helper 137784464466432 Redirected: qt.mirror.constant.com
2026-06-16 14:58:18,727 - aqt.helper - DEBUG - helper 127543821599232 Asked to redirect(302) to: https://qt.mirror.constant.com/online/qtsdkrepository/all_os/android/qt6_673_arm64_v8a/qt.qt6.673.android_arm64_v8a/6.7.3-0-202409200836qtdeclarative-MacOS-MacOS_13-Clang-Android-Android_ANY-ARM64.7z
2026-06-16 14:58:18,728 - aqt.helper - INFO - helper 127543821599232 Redirected: qt.mirror.constant.com
2026-06-16 14:58:18,764 - aqt.helper - DEBUG - helper 128739338797568 Asked to redirect(302) to: https://qt.mirror.constant.com/online/qtsdkrepository/all_os/android/qt6_673_arm64_v8a/qt.qt6.673.android_arm64_v8a/6.7.3-0-202409200836qtsvg-MacOS-MacOS_13-Clang-Android-Android_ANY-ARM64.7z
2026-06-16 14:58:18,764 - aqt.helper - INFO - helper 128739338797568 Redirected: qt.mirror.constant.com
2026-06-16 14:58:19,044 - aqt.installer - INFO - installer 128739338797568 Finished installation of qtsvg-MacOS-MacOS_13-Clang-Android-Android_ANY-ARM64.7z in 1.23358938
2026-06-16 14:58:19,057 - aqt.helper - DEBUG - helper 128739338797568 Attempt to download checksum at https://download.qt.io/online/qtsdkrepository/all_os/android/qt6_673_arm64_v8a/qt.qt6.673.android_arm64_v8a/6.7.3-0-202409200836qttranslations-MacOS-MacOS_13-Clang-Android-Android_ANY-ARM64.7z.sha256
2026-06-16 14:58:19,695 - aqt.helper - INFO - helper 128739338797568 Downloading qttranslations...
2026-06-16 14:58:19,696 - aqt.installer - DEBUG - installer 128739338797568 Download URL: https://download.qt.io/online/qtsdkrepository/all_os/android/qt6_673_arm64_v8a/qt.qt6.673.android_arm64_v8a/6.7.3-0-202409200836qttranslations-MacOS-MacOS_13-Clang-Android-Android_ANY-ARM64.7z
2026-06-16 14:58:20,465 - aqt.helper - DEBUG - helper 128739338797568 Asked to redirect(302) to: https://qt.mirror.constant.com/online/qtsdkrepository/all_os/android/qt6_673_arm64_v8a/qt.qt6.673.android_arm64_v8a/6.7.3-0-202409200836qttranslations-MacOS-MacOS_13-Clang-Android-Android_ANY-ARM64.7z
2026-06-16 14:58:20,466 - aqt.helper - INFO - helper 128739338797568 Redirected: qt.mirror.constant.com
2026-06-16 14:58:20,784 - aqt.installer - INFO - installer 137784464466432 Finished installation of qttools-MacOS-MacOS_13-Clang-Android-Android_ANY-ARM64.7z in 2.97100664
2026-06-16 14:58:22,312 - aqt.installer - INFO - installer 128739338797568 Finished installation of qttranslations-MacOS-MacOS_13-Clang-Android-Android_ANY-ARM64.7z in 3.25683085
2026-06-16 14:58:25,540 - aqt.installer - INFO - installer 127543821599232 Finished installation of qtdeclarative-MacOS-MacOS_13-Clang-Android-Android_ANY-ARM64.7z in 7.73024856
2026-06-16 14:58:25,750 - aqt.installer - INFO - installer 126998872060416 Finished installation of qtbase-MacOS-MacOS_13-Clang-Android-Android_ANY-ARM64.7z in 7.94039882
2026-06-16 14:58:25,856 - aqt.updater - INFO - updater 133170031809024 Patching /home/steve/Qt/6.7.3/android_arm64_v8a/bin/qmake
2026-06-16 14:58:25,857 - aqt.updater - INFO - updater 133170031809024 Patching /home/steve/Qt/6.7.3/android_arm64_v8a/bin/qtpaths
2026-06-16 14:58:25,857 - aqt.updater - INFO - updater 133170031809024 Patching /home/steve/Qt/6.7.3/android_arm64_v8a/bin/qmake6
2026-06-16 14:58:25,858 - aqt.updater - INFO - updater 133170031809024 Patching /home/steve/Qt/6.7.3/android_arm64_v8a/bin/qtpaths6
2026-06-16 14:58:25,858 - aqt.updater - INFO - updater 133170031809024 Patching /home/steve/Qt/6.7.3/android_arm64_v8a/bin/target_qt.conf
2026-06-16 14:58:25,860 - aqt.main - INFO - installer 133170031809024 Finished installation
2026-06-16 14:58:25,860 - aqt.main - INFO - installer 133170031809024 Time elapsed: 9.57205724 second
2026-06-16 14:58:59,211 - aqt.main - INFO - installer 125656345068032 aqtinstall(aqt) v3.3.0 on Python 3.14.4 [CPython GCC 15.2.0]
2026-06-16 14:58:59,211 - aqt.helper - DEBUG - helper 125656345068032 Attempt to download checksum at https://download.qt.io/online/qtsdkrepository/linux_x64/desktop/tools_cmdlinetools/Updates.xml.sha256
2026-06-16 14:58:59,666 - aqt.helper - DEBUG - helper 125656345068032 Attempt to download checksum at https://download.qt.io/online/qtsdkrepository/linux_x64/desktop/tools_cmdlinetools/Updates.xml.sha256
2026-06-16 14:59:00,148 - aqt.helper - DEBUG - helper 125656345068032 Attempt to download checksum at https://download.qt.io/online/qtsdkrepository/linux_x64/desktop/tools_cmdlinetools/Updates.xml.sha256
2026-06-16 14:59:00,640 - aqt.helper - DEBUG - helper 125656345068032 Attempt to download checksum at https://download.qt.io/online/qtsdkrepository/linux_x64/desktop/tools_cmdlinetools/Updates.xml.sha256
2026-06-16 14:59:01,153 - aqt.helper - DEBUG - helper 125656345068032 Attempt to download checksum at https://download.qt.io/online/qtsdkrepository/linux_x64/desktop/tools_cmdlinetools/Updates.xml.sha256
2026-06-16 14:59:01,660 - aqt.main - ERROR - installer 125656345068032 Failed to locate XML data for the tool 'tools_cmdlinetools'.
==============================Suggested follow-up:==============================
* Please use 'aqt list-tool linux desktop' to check what tools are available.
2026-06-16 14:59:19,627 - aqt.main - INFO - installer 140285479891456 aqtinstall(aqt) v3.3.0 on Python 3.14.4 [CPython GCC 15.2.0]
2026-06-16 14:59:19,628 - aqt.helper - DEBUG - helper 140285479891456 Attempt to download checksum at https://download.qt.io/online/qtsdkrepository/linux_x64/desktop/qt6_673/Updates.xml.sha256
2026-06-16 14:59:21,296 - aqt.main - ERROR - installer 140285479891456 The packages ['qt_base'] were not found while parsing XML of package information!
==============================Suggested follow-up:==============================
* Please use 'aqt list-qt linux desktop --arch 6.7.3' to show architectures available.
2026-06-16 14:59:25,964 - aqt.helper - DEBUG - helper 133727580127744 Attempt to download checksum at https://download.qt.io/online/qtsdkrepository/linux_x64/desktop/qt6_673/Updates.xml.sha256
2026-06-16 14:59:54,228 - aqt.main - INFO - installer 131986981675520 aqtinstall(aqt) v3.3.0 on Python 3.14.4 [CPython GCC 15.2.0]
2026-06-16 14:59:54,228 - aqt.helper - DEBUG - helper 131986981675520 Attempt to download checksum at https://download.qt.io/online/qtsdkrepository/linux_x64/desktop/qt6_673/Updates.xml.sha256
2026-06-16 14:59:55,646 - aqt.helper - DEBUG - helper 135321066811904 Attempt to download checksum at https://download.qt.io/online/qtsdkrepository/linux_x64/desktop/qt6_673/qt.qt6.673.linux_gcc_64/6.7.3-0-202409200836qtbase-Linux-RHEL_8_8-GCC-Linux-RHEL_8_8-X86_64.7z.sha256
2026-06-16 14:59:55,646 - aqt.helper - DEBUG - helper 138132637229568 Attempt to download checksum at https://download.qt.io/online/qtsdkrepository/linux_x64/desktop/qt6_673/qt.qt6.673.linux_gcc_64/6.7.3-0-202409200836qtsvg-Linux-RHEL_8_8-GCC-Linux-RHEL_8_8-X86_64.7z.sha256
2026-06-16 14:59:55,646 - aqt.helper - DEBUG - helper 127227326415360 Attempt to download checksum at https://download.qt.io/online/qtsdkrepository/linux_x64/desktop/qt6_673/qt.qt6.673.linux_gcc_64/6.7.3-0-202409200836qtdeclarative-Linux-RHEL_8_8-GCC-Linux-RHEL_8_8-X86_64.7z.sha256
2026-06-16 14:59:55,649 - aqt.helper - DEBUG - helper 138386316591616 Attempt to download checksum at https://download.qt.io/online/qtsdkrepository/linux_x64/desktop/qt6_673/qt.qt6.673.linux_gcc_64/6.7.3-0-202409200836qttools-Linux-RHEL_8_8-GCC-Linux-RHEL_8_8-X86_64.7z.sha256
2026-06-16 14:59:56,127 - aqt.helper - INFO - helper 138386316591616 Downloading qttools...
2026-06-16 14:59:56,128 - aqt.installer - DEBUG - installer 138386316591616 Download URL: https://download.qt.io/online/qtsdkrepository/linux_x64/desktop/qt6_673/qt.qt6.673.linux_gcc_64/6.7.3-0-202409200836qttools-Linux-RHEL_8_8-GCC-Linux-RHEL_8_8-X86_64.7z
2026-06-16 14:59:56,133 - aqt.helper - INFO - helper 135321066811904 Downloading qtbase...
2026-06-16 14:59:56,135 - aqt.helper - INFO - helper 127227326415360 Downloading qtdeclarative...
2026-06-16 14:59:56,133 - aqt.installer - DEBUG - installer 135321066811904 Download URL: https://download.qt.io/online/qtsdkrepository/linux_x64/desktop/qt6_673/qt.qt6.673.linux_gcc_64/6.7.3-0-202409200836qtbase-Linux-RHEL_8_8-GCC-Linux-RHEL_8_8-X86_64.7z
2026-06-16 14:59:56,135 - aqt.installer - DEBUG - installer 127227326415360 Download URL: https://download.qt.io/online/qtsdkrepository/linux_x64/desktop/qt6_673/qt.qt6.673.linux_gcc_64/6.7.3-0-202409200836qtdeclarative-Linux-RHEL_8_8-GCC-Linux-RHEL_8_8-X86_64.7z
2026-06-16 14:59:56,162 - aqt.helper - INFO - helper 138132637229568 Downloading qtsvg...
2026-06-16 14:59:56,162 - aqt.installer - DEBUG - installer 138132637229568 Download URL: https://download.qt.io/online/qtsdkrepository/linux_x64/desktop/qt6_673/qt.qt6.673.linux_gcc_64/6.7.3-0-202409200836qtsvg-Linux-RHEL_8_8-GCC-Linux-RHEL_8_8-X86_64.7z
2026-06-16 14:59:56,571 - aqt.helper - DEBUG - helper 127227326415360 Asked to redirect(302) to: https://qt.mirror.constant.com/online/qtsdkrepository/linux_x64/desktop/qt6_673/qt.qt6.673.linux_gcc_64/6.7.3-0-202409200836qtdeclarative-Linux-RHEL_8_8-GCC-Linux-RHEL_8_8-X86_64.7z
2026-06-16 14:59:56,571 - aqt.helper - INFO - helper 127227326415360 Redirected: qt.mirror.constant.com
2026-06-16 14:59:56,574 - aqt.helper - DEBUG - helper 138386316591616 Asked to redirect(302) to: https://qt.mirror.constant.com/online/qtsdkrepository/linux_x64/desktop/qt6_673/qt.qt6.673.linux_gcc_64/6.7.3-0-202409200836qttools-Linux-RHEL_8_8-GCC-Linux-RHEL_8_8-X86_64.7z
2026-06-16 14:59:56,575 - aqt.helper - INFO - helper 138386316591616 Redirected: qt.mirror.constant.com
2026-06-16 14:59:56,595 - aqt.helper - DEBUG - helper 138132637229568 Asked to redirect(302) to: https://qt.mirror.constant.com/online/qtsdkrepository/linux_x64/desktop/qt6_673/qt.qt6.673.linux_gcc_64/6.7.3-0-202409200836qtsvg-Linux-RHEL_8_8-GCC-Linux-RHEL_8_8-X86_64.7z
2026-06-16 14:59:56,596 - aqt.helper - INFO - helper 138132637229568 Redirected: qt.mirror.constant.com
2026-06-16 14:59:56,665 - aqt.helper - DEBUG - helper 135321066811904 Asked to redirect(302) to: https://qt.mirror.constant.com/online/qtsdkrepository/linux_x64/desktop/qt6_673/qt.qt6.673.linux_gcc_64/6.7.3-0-202409200836qtbase-Linux-RHEL_8_8-GCC-Linux-RHEL_8_8-X86_64.7z
2026-06-16 14:59:56,665 - aqt.helper - INFO - helper 135321066811904 Redirected: qt.mirror.constant.com
2026-06-16 14:59:57,004 - aqt.installer - INFO - installer 138132637229568 Finished installation of qtsvg-Linux-RHEL_8_8-GCC-Linux-RHEL_8_8-X86_64.7z in 1.36005810
2026-06-16 14:59:57,016 - aqt.helper - DEBUG - helper 138132637229568 Attempt to download checksum at https://download.qt.io/online/qtsdkrepository/linux_x64/desktop/qt6_673/qt.qt6.673.linux_gcc_64/6.7.3-0-202409200836qttranslations-Linux-RHEL_8_8-GCC-Linux-RHEL_8_8-X86_64.7z.sha256
2026-06-16 14:59:57,722 - aqt.helper - INFO - helper 138132637229568 Downloading qttranslations...
2026-06-16 14:59:57,722 - aqt.installer - DEBUG - installer 138132637229568 Download URL: https://download.qt.io/online/qtsdkrepository/linux_x64/desktop/qt6_673/qt.qt6.673.linux_gcc_64/6.7.3-0-202409200836qttranslations-Linux-RHEL_8_8-GCC-Linux-RHEL_8_8-X86_64.7z
2026-06-16 14:59:58,537 - aqt.helper - DEBUG - helper 138132637229568 Asked to redirect(302) to: https://qt.mirror.constant.com/online/qtsdkrepository/linux_x64/desktop/qt6_673/qt.qt6.673.linux_gcc_64/6.7.3-0-202409200836qttranslations-Linux-RHEL_8_8-GCC-Linux-RHEL_8_8-X86_64.7z
2026-06-16 14:59:58,537 - aqt.helper - INFO - helper 138132637229568 Redirected: qt.mirror.constant.com
2026-06-16 15:00:00,345 - aqt.installer - INFO - installer 138132637229568 Finished installation of qttranslations-Linux-RHEL_8_8-GCC-Linux-RHEL_8_8-X86_64.7z in 3.33003006
2026-06-16 15:00:00,357 - aqt.helper - DEBUG - helper 138132637229568 Attempt to download checksum at https://download.qt.io/online/qtsdkrepository/linux_x64/desktop/qt6_673/qt.qt6.673.linux_gcc_64/6.7.3-0-202409200836qtwayland-Linux-RHEL_8_8-GCC-Linux-RHEL_8_8-X86_64.7z.sha256
2026-06-16 15:00:01,082 - aqt.helper - INFO - helper 138132637229568 Downloading qtwayland...
2026-06-16 15:00:01,083 - aqt.installer - DEBUG - installer 138132637229568 Download URL: https://download.qt.io/online/qtsdkrepository/linux_x64/desktop/qt6_673/qt.qt6.673.linux_gcc_64/6.7.3-0-202409200836qtwayland-Linux-RHEL_8_8-GCC-Linux-RHEL_8_8-X86_64.7z
2026-06-16 15:00:02,336 - aqt.helper - DEBUG - helper 138132637229568 Asked to redirect(302) to: https://qt.mirror.constant.com/online/qtsdkrepository/linux_x64/desktop/qt6_673/qt.qt6.673.linux_gcc_64/6.7.3-0-202409200836qtwayland-Linux-RHEL_8_8-GCC-Linux-RHEL_8_8-X86_64.7z
2026-06-16 15:00:02,336 - aqt.helper - INFO - helper 138132637229568 Redirected: qt.mirror.constant.com
2026-06-16 15:00:03,314 - aqt.installer - INFO - installer 135321066811904 Finished installation of qtbase-Linux-RHEL_8_8-GCC-Linux-RHEL_8_8-X86_64.7z in 7.66998741
2026-06-16 15:00:03,344 - aqt.helper - DEBUG - helper 135321066811904 Attempt to download checksum at https://download.qt.io/online/qtsdkrepository/linux_x64/desktop/qt6_673/qt.qt6.673.linux_gcc_64/6.7.3-0-202409200836icu-linux-Rhel8.6-x86_64.7z.sha256
2026-06-16 15:00:03,732 - aqt.installer - INFO - installer 138132637229568 Finished installation of qtwayland-Linux-RHEL_8_8-GCC-Linux-RHEL_8_8-X86_64.7z in 3.37655019
2026-06-16 15:00:04,089 - aqt.helper - INFO - helper 135321066811904 Downloading icu...
2026-06-16 15:00:04,089 - aqt.installer - DEBUG - installer 135321066811904 Download URL: https://download.qt.io/online/qtsdkrepository/linux_x64/desktop/qt6_673/qt.qt6.673.linux_gcc_64/6.7.3-0-202409200836icu-linux-Rhel8.6-x86_64.7z
2026-06-16 15:00:04,528 - aqt.helper - DEBUG - helper 135321066811904 Asked to redirect(302) to: https://qt.mirror.constant.com/online/qtsdkrepository/linux_x64/desktop/qt6_673/qt.qt6.673.linux_gcc_64/6.7.3-0-202409200836icu-linux-Rhel8.6-x86_64.7z
2026-06-16 15:00:04,528 - aqt.helper - INFO - helper 135321066811904 Redirected: qt.mirror.constant.com
2026-06-16 15:00:08,722 - aqt.installer - INFO - installer 135321066811904 Finished installation of icu-linux-Rhel8.6-x86_64.7z in 5.37907002
2026-06-16 15:00:18,263 - aqt.installer - INFO - installer 138386316591616 Finished installation of qttools-Linux-RHEL_8_8-GCC-Linux-RHEL_8_8-X86_64.7z in 22.61591686
2026-06-16 15:00:29,783 - aqt.installer - INFO - installer 127227326415360 Finished installation of qtdeclarative-Linux-RHEL_8_8-GCC-Linux-RHEL_8_8-X86_64.7z in 34.13831169
2026-06-16 15:00:29,937 - aqt.updater - INFO - updater 131986981675520 Patching /home/steve/Qt/6.7.3/gcc_64/bin/qmake
2026-06-16 15:00:29,941 - aqt.updater - INFO - updater 131986981675520 Patching /home/steve/Qt/6.7.3/gcc_64/lib/pkgconfig/Qt6QuickDialogs2.pc
2026-06-16 15:00:29,941 - aqt.updater - INFO - updater 131986981675520 Patching /home/steve/Qt/6.7.3/gcc_64/lib/pkgconfig/Qt6QuickTest.pc
2026-06-16 15:00:29,941 - aqt.updater - INFO - updater 131986981675520 Patching /home/steve/Qt/6.7.3/gcc_64/lib/pkgconfig/Qt6QuickControls2Fusion.pc
2026-06-16 15:00:29,942 - aqt.updater - INFO - updater 131986981675520 Patching /home/steve/Qt/6.7.3/gcc_64/lib/pkgconfig/Qt6Widgets.pc
2026-06-16 15:00:29,942 - aqt.updater - INFO - updater 131986981675520 Patching /home/steve/Qt/6.7.3/gcc_64/lib/pkgconfig/Qt6UiTools.pc
2026-06-16 15:00:29,942 - aqt.updater - INFO - updater 131986981675520 Patching /home/steve/Qt/6.7.3/gcc_64/lib/pkgconfig/Qt6QuickDialogs2Utils.pc
2026-06-16 15:00:29,942 - aqt.updater - INFO - updater 131986981675520 Patching /home/steve/Qt/6.7.3/gcc_64/lib/pkgconfig/Qt6QmlBuiltins.pc
2026-06-16 15:00:29,943 - aqt.updater - INFO - updater 131986981675520 Patching /home/steve/Qt/6.7.3/gcc_64/lib/pkgconfig/Qt6QmlIntegration.pc
2026-06-16 15:00:29,943 - aqt.updater - INFO - updater 131986981675520 Patching /home/steve/Qt/6.7.3/gcc_64/lib/pkgconfig/Qt6Help.pc
2026-06-16 15:00:29,943 - aqt.updater - INFO - updater 131986981675520 Patching /home/steve/Qt/6.7.3/gcc_64/lib/pkgconfig/Qt6Svg.pc
2026-06-16 15:00:29,944 - aqt.updater - INFO - updater 131986981675520 Patching /home/steve/Qt/6.7.3/gcc_64/lib/pkgconfig/Qt6QuickControls2BasicStyleImpl.pc
2026-06-16 15:00:29,944 - aqt.updater - INFO - updater 131986981675520 Patching /home/steve/Qt/6.7.3/gcc_64/lib/pkgconfig/Qt6Sql.pc
2026-06-16 15:00:29,944 - aqt.updater - INFO - updater 131986981675520 Patching /home/steve/Qt/6.7.3/gcc_64/lib/pkgconfig/Qt6QmlCompiler.pc
2026-06-16 15:00:29,944 - aqt.updater - INFO - updater 131986981675520 Patching /home/steve/Qt/6.7.3/gcc_64/lib/pkgconfig/Qt6QmlXmlListModel.pc
2026-06-16 15:00:29,944 - aqt.updater - INFO - updater 131986981675520 Patching /home/steve/Qt/6.7.3/gcc_64/lib/pkgconfig/Qt6QuickTemplates2.pc
2026-06-16 15:00:29,945 - aqt.updater - INFO - updater 131986981675520 Patching /home/steve/Qt/6.7.3/gcc_64/lib/pkgconfig/Qt6QuickControls2Impl.pc
2026-06-16 15:00:29,945 - aqt.updater - INFO - updater 131986981675520 Patching /home/steve/Qt/6.7.3/gcc_64/lib/pkgconfig/Qt6QuickControls2FusionStyleImpl.pc
2026-06-16 15:00:29,945 - aqt.updater - INFO - updater 131986981675520 Patching /home/steve/Qt/6.7.3/gcc_64/lib/pkgconfig/Qt6LabsWavefrontMesh.pc
2026-06-16 15:00:29,945 - aqt.updater - INFO - updater 131986981675520 Patching /home/steve/Qt/6.7.3/gcc_64/lib/pkgconfig/Qt6Qml.pc
2026-06-16 15:00:29,945 - aqt.updater - INFO - updater 131986981675520 Patching /home/steve/Qt/6.7.3/gcc_64/lib/pkgconfig/Qt6Test.pc
2026-06-16 15:00:29,946 - aqt.updater - INFO - updater 131986981675520 Patching /home/steve/Qt/6.7.3/gcc_64/lib/pkgconfig/Qt6LabsSharedImage.pc
2026-06-16 15:00:29,946 - aqt.updater - INFO - updater 131986981675520 Patching /home/steve/Qt/6.7.3/gcc_64/lib/pkgconfig/Qt6UiPlugin.pc
2026-06-16 15:00:29,946 - aqt.updater - INFO - updater 131986981675520 Patching /home/steve/Qt/6.7.3/gcc_64/lib/pkgconfig/Qt6QmlLocalStorage.pc
2026-06-16 15:00:29,947 - aqt.updater - INFO - updater 131986981675520 Patching /home/steve/Qt/6.7.3/gcc_64/lib/pkgconfig/Qt6QuickWidgets.pc
2026-06-16 15:00:29,947 - aqt.updater - INFO - updater 131986981675520 Patching /home/steve/Qt/6.7.3/gcc_64/lib/pkgconfig/Qt6OpenGLWidgets.pc
2026-06-16 15:00:29,947 - aqt.updater - INFO - updater 131986981675520 Patching /home/steve/Qt/6.7.3/gcc_64/lib/pkgconfig/Qt6Xml.pc
2026-06-16 15:00:29,947 - aqt.updater - INFO - updater 131986981675520 Patching /home/steve/Qt/6.7.3/gcc_64/lib/pkgconfig/Qt6Designer.pc
2026-06-16 15:00:29,947 - aqt.updater - INFO - updater 131986981675520 Patching /home/steve/Qt/6.7.3/gcc_64/lib/pkgconfig/Qt6LabsAnimation.pc
2026-06-16 15:00:29,948 - aqt.updater - INFO - updater 131986981675520 Patching /home/steve/Qt/6.7.3/gcc_64/lib/pkgconfig/Qt6Quick.pc
2026-06-16 15:00:29,948 - aqt.updater - INFO - updater 131986981675520 Patching /home/steve/Qt/6.7.3/gcc_64/lib/pkgconfig/Qt6QuickDialogs2QuickImpl.pc
2026-06-16 15:00:29,948 - aqt.updater - INFO - updater 131986981675520 Patching /home/steve/Qt/6.7.3/gcc_64/lib/pkgconfig/Qt6QuickControls2MaterialStyleImpl.pc
2026-06-16 15:00:29,948 - aqt.updater - INFO - updater 131986981675520 Patching /home/steve/Qt/6.7.3/gcc_64/lib/pkgconfig/Qt6QuickControls2Material.pc
2026-06-16 15:00:29,948 - aqt.updater - INFO - updater 131986981675520 Patching /home/steve/Qt/6.7.3/gcc_64/lib/pkgconfig/Qt6QuickControls2.pc
2026-06-16 15:00:29,948 - aqt.updater - INFO - updater 131986981675520 Patching /home/steve/Qt/6.7.3/gcc_64/lib/pkgconfig/Qt6Linguist.pc
2026-06-16 15:00:29,949 - aqt.updater - INFO - updater 131986981675520 Patching /home/steve/Qt/6.7.3/gcc_64/lib/pkgconfig/Qt6LabsFolderListModel.pc
2026-06-16 15:00:29,949 - aqt.updater - INFO - updater 131986981675520 Patching /home/steve/Qt/6.7.3/gcc_64/lib/pkgconfig/Qt6QmlModels.pc
2026-06-16 15:00:29,949 - aqt.updater - INFO - updater 131986981675520 Patching /home/steve/Qt/6.7.3/gcc_64/lib/pkgconfig/Qt6OpenGL.pc
2026-06-16 15:00:29,949 - aqt.updater - INFO - updater 131986981675520 Patching /home/steve/Qt/6.7.3/gcc_64/lib/pkgconfig/Qt6SvgWidgets.pc
2026-06-16 15:00:29,950 - aqt.updater - INFO - updater 131986981675520 Patching /home/steve/Qt/6.7.3/gcc_64/lib/pkgconfig/Qt6QuickControls2ImagineStyleImpl.pc
2026-06-16 15:00:29,950 - aqt.updater - INFO - updater 131986981675520 Patching /home/steve/Qt/6.7.3/gcc_64/lib/pkgconfig/Qt6QuickLayouts.pc
2026-06-16 15:00:29,950 - aqt.updater - INFO - updater 131986981675520 Patching /home/steve/Qt/6.7.3/gcc_64/lib/pkgconfig/Qt6Concurrent.pc
2026-06-16 15:00:29,950 - aqt.updater - INFO - updater 131986981675520 Patching /home/steve/Qt/6.7.3/gcc_64/lib/pkgconfig/Qt6LabsSettings.pc
2026-06-16 15:00:29,950 - aqt.updater - INFO - updater 131986981675520 Patching /home/steve/Qt/6.7.3/gcc_64/lib/pkgconfig/Qt6PrintSupport.pc
2026-06-16 15:00:29,950 - aqt.updater - INFO - updater 131986981675520 Patching /home/steve/Qt/6.7.3/gcc_64/lib/pkgconfig/Qt6QuickControls2UniversalStyleImpl.pc
2026-06-16 15:00:29,951 - aqt.updater - INFO - updater 131986981675520 Patching /home/steve/Qt/6.7.3/gcc_64/lib/pkgconfig/Qt6DBus.pc
2026-06-16 15:00:29,951 - aqt.updater - INFO - updater 131986981675520 Patching /home/steve/Qt/6.7.3/gcc_64/lib/pkgconfig/Qt6QmlNetwork.pc
2026-06-16 15:00:29,951 - aqt.updater - INFO - updater 131986981675520 Patching /home/steve/Qt/6.7.3/gcc_64/lib/pkgconfig/Qt6Core.pc
2026-06-16 15:00:29,951 - aqt.updater - INFO - updater 131986981675520 Patching /home/steve/Qt/6.7.3/gcc_64/lib/pkgconfig/Qt6LabsQmlModels.pc
2026-06-16 15:00:29,951 - aqt.updater - INFO - updater 131986981675520 Patching /home/steve/Qt/6.7.3/gcc_64/lib/pkgconfig/Qt6Platform.pc
2026-06-16 15:00:29,951 - aqt.updater - INFO - updater 131986981675520 Patching /home/steve/Qt/6.7.3/gcc_64/lib/pkgconfig/Qt6QuickControls2Basic.pc
2026-06-16 15:00:29,951 - aqt.updater - INFO - updater 131986981675520 Patching /home/steve/Qt/6.7.3/gcc_64/lib/pkgconfig/Qt6QmlCore.pc
2026-06-16 15:00:29,951 - aqt.updater - INFO - updater 131986981675520 Patching /home/steve/Qt/6.7.3/gcc_64/lib/pkgconfig/Qt6QuickControls2Imagine.pc
2026-06-16 15:00:29,952 - aqt.updater - INFO - updater 131986981675520 Patching /home/steve/Qt/6.7.3/gcc_64/lib/pkgconfig/Qt6QuickControls2Universal.pc
2026-06-16 15:00:29,952 - aqt.updater - INFO - updater 131986981675520 Patching /home/steve/Qt/6.7.3/gcc_64/lib/pkgconfig/Qt6QmlWorkerScript.pc
2026-06-16 15:00:29,952 - aqt.updater - INFO - updater 131986981675520 Patching /home/steve/Qt/6.7.3/gcc_64/lib/pkgconfig/Qt6Gui.pc
2026-06-16 15:00:29,952 - aqt.updater - INFO - updater 131986981675520 Patching /home/steve/Qt/6.7.3/gcc_64/lib/pkgconfig/Qt6WaylandClient.pc
2026-06-16 15:00:29,952 - aqt.updater - INFO - updater 131986981675520 Patching /home/steve/Qt/6.7.3/gcc_64/lib/pkgconfig/Qt6Network.pc
2026-06-16 15:00:29,953 - aqt.updater - INFO - updater 131986981675520 Patching /home/steve/Qt/6.7.3/gcc_64/lib/libQt6Widgets.prl
2026-06-16 15:00:29,953 - aqt.updater - INFO - updater 131986981675520 Patching /home/steve/Qt/6.7.3/gcc_64/lib/libQt6QmlDebug.prl
2026-06-16 15:00:29,954 - aqt.updater - INFO - updater 131986981675520 Patching /home/steve/Qt/6.7.3/gcc_64/lib/libQt6DeviceDiscoverySupport.prl
2026-06-16 15:00:29,954 - aqt.updater - INFO - updater 131986981675520 Patching /home/steve/Qt/6.7.3/gcc_64/lib/libQt6QuickLayouts.prl
2026-06-16 15:00:29,954 - aqt.updater - INFO - updater 131986981675520 Patching /home/steve/Qt/6.7.3/gcc_64/lib/libQt6Svg.prl
2026-06-16 15:00:29,954 - aqt.updater - INFO - updater 131986981675520 Patching /home/steve/Qt/6.7.3/gcc_64/lib/libQt6Help.prl
2026-06-16 15:00:29,955 - aqt.updater - INFO - updater 131986981675520 Patching /home/steve/Qt/6.7.3/gcc_64/lib/libQt6QuickDialogs2Utils.prl
2026-06-16 15:00:29,955 - aqt.updater - INFO - updater 131986981675520 Patching /home/steve/Qt/6.7.3/gcc_64/lib/libQt6FbSupport.prl
2026-06-16 15:00:29,955 - aqt.updater - INFO - updater 131986981675520 Patching /home/steve/Qt/6.7.3/gcc_64/lib/libQt6QmlModels.prl
2026-06-16 15:00:29,955 - aqt.updater - INFO - updater 131986981675520 Patching /home/steve/Qt/6.7.3/gcc_64/lib/libQt6QuickEffects.prl
2026-06-16 15:00:29,955 - aqt.updater - INFO - updater 131986981675520 Patching /home/steve/Qt/6.7.3/gcc_64/lib/libQt6QuickControls2Impl.prl
2026-06-16 15:00:29,955 - aqt.updater - INFO - updater 131986981675520 Patching /home/steve/Qt/6.7.3/gcc_64/lib/libQt6QuickControls2UniversalStyleImpl.prl
2026-06-16 15:00:29,956 - aqt.updater - INFO - updater 131986981675520 Patching /home/steve/Qt/6.7.3/gcc_64/lib/libQt6Concurrent.prl
2026-06-16 15:00:29,956 - aqt.updater - INFO - updater 131986981675520 Patching /home/steve/Qt/6.7.3/gcc_64/lib/libQt6EglFsKmsSupport.prl
2026-06-16 15:00:29,956 - aqt.updater - INFO - updater 131986981675520 Patching /home/steve/Qt/6.7.3/gcc_64/lib/libQt6QuickControls2Fusion.prl
2026-06-16 15:00:29,956 - aqt.updater - INFO - updater 131986981675520 Patching /home/steve/Qt/6.7.3/gcc_64/lib/libQt6Sql.prl
2026-06-16 15:00:29,956 - aqt.updater - INFO - updater 131986981675520 Patching /home/steve/Qt/6.7.3/gcc_64/lib/libQt6QmlXmlListModel.prl
2026-06-16 15:00:29,957 - aqt.updater - INFO - updater 131986981675520 Patching /home/steve/Qt/6.7.3/gcc_64/lib/libQt6KmsSupport.prl
2026-06-16 15:00:29,957 - aqt.updater - INFO - updater 131986981675520 Patching /home/steve/Qt/6.7.3/gcc_64/lib/libQt6Network.prl
2026-06-16 15:00:29,957 - aqt.updater - INFO - updater 131986981675520 Patching /home/steve/Qt/6.7.3/gcc_64/lib/libQt6EglFSDeviceIntegration.prl
2026-06-16 15:00:29,957 - aqt.updater - INFO - updater 131986981675520 Patching /home/steve/Qt/6.7.3/gcc_64/lib/libQt6InputSupport.prl
2026-06-16 15:00:29,958 - aqt.updater - INFO - updater 131986981675520 Patching /home/steve/Qt/6.7.3/gcc_64/lib/libQt6QmlTypeRegistrar.prl
2026-06-16 15:00:29,958 - aqt.updater - INFO - updater 131986981675520 Patching /home/steve/Qt/6.7.3/gcc_64/lib/libQt6QuickControls2.prl
2026-06-16 15:00:29,958 - aqt.updater - INFO - updater 131986981675520 Patching /home/steve/Qt/6.7.3/gcc_64/lib/libQt6QuickControls2Material.prl
2026-06-16 15:00:29,958 - aqt.updater - INFO - updater 131986981675520 Patching /home/steve/Qt/6.7.3/gcc_64/lib/libQt6QmlBuiltins.prl
2026-06-16 15:00:29,958 - aqt.updater - INFO - updater 131986981675520 Patching /home/steve/Qt/6.7.3/gcc_64/lib/libQt6QmlCore.prl
2026-06-16 15:00:29,959 - aqt.updater - INFO - updater 131986981675520 Patching /home/steve/Qt/6.7.3/gcc_64/lib/libQt6QmlCompiler.prl
2026-06-16 15:00:29,959 - aqt.updater - INFO - updater 131986981675520 Patching /home/steve/Qt/6.7.3/gcc_64/lib/libQt6QuickParticles.prl
2026-06-16 15:00:29,959 - aqt.updater - INFO - updater 131986981675520 Patching /home/steve/Qt/6.7.3/gcc_64/lib/libQt6OpenGLWidgets.prl
2026-06-16 15:00:29,959 - aqt.updater - INFO - updater 131986981675520 Patching /home/steve/Qt/6.7.3/gcc_64/lib/libQt6Gui.prl
2026-06-16 15:00:29,959 - aqt.updater - INFO - updater 131986981675520 Patching /home/steve/Qt/6.7.3/gcc_64/lib/libQt6QuickControls2Universal.prl
2026-06-16 15:00:29,959 - aqt.updater - INFO - updater 131986981675520 Patching /home/steve/Qt/6.7.3/gcc_64/lib/libQt6QuickControls2FusionStyleImpl.prl
2026-06-16 15:00:29,960 - aqt.updater - INFO - updater 131986981675520 Patching /home/steve/Qt/6.7.3/gcc_64/lib/libQt6LabsAnimation.prl
2026-06-16 15:00:29,960 - aqt.updater - INFO - updater 131986981675520 Patching /home/steve/Qt/6.7.3/gcc_64/lib/libQt6XcbQpa.prl
2026-06-16 15:00:29,960 - aqt.updater - INFO - updater 131986981675520 Patching /home/steve/Qt/6.7.3/gcc_64/lib/libQt6QmlNetwork.prl
2026-06-16 15:00:29,961 - aqt.updater - INFO - updater 131986981675520 Patching /home/steve/Qt/6.7.3/gcc_64/lib/libQt6QuickControls2BasicStyleImpl.prl
2026-06-16 15:00:29,961 - aqt.updater - INFO - updater 131986981675520 Patching /home/steve/Qt/6.7.3/gcc_64/lib/libQt6QuickControls2Imagine.prl
2026-06-16 15:00:29,961 - aqt.updater - INFO - updater 131986981675520 Patching /home/steve/Qt/6.7.3/gcc_64/lib/libQt6LabsSharedImage.prl
2026-06-16 15:00:29,961 - aqt.updater - INFO - updater 131986981675520 Patching /home/steve/Qt/6.7.3/gcc_64/lib/libQt6SvgWidgets.prl
2026-06-16 15:00:29,962 - aqt.updater - INFO - updater 131986981675520 Patching /home/steve/Qt/6.7.3/gcc_64/lib/libQt6QuickControlsTestUtils.prl
2026-06-16 15:00:29,962 - aqt.updater - INFO - updater 131986981675520 Patching /home/steve/Qt/6.7.3/gcc_64/lib/libQt6WaylandClient.prl
2026-06-16 15:00:29,962 - aqt.updater - INFO - updater 131986981675520 Patching /home/steve/Qt/6.7.3/gcc_64/lib/libQt6QmlDom.prl
2026-06-16 15:00:29,962 - aqt.updater - INFO - updater 131986981675520 Patching /home/steve/Qt/6.7.3/gcc_64/lib/libQt6Quick.prl
2026-06-16 15:00:29,962 - aqt.updater - INFO - updater 131986981675520 Patching /home/steve/Qt/6.7.3/gcc_64/lib/libQt6Core.prl
2026-06-16 15:00:29,963 - aqt.updater - INFO - updater 131986981675520 Patching /home/steve/Qt/6.7.3/gcc_64/lib/libQt6QuickControls2ImagineStyleImpl.prl
2026-06-16 15:00:29,963 - aqt.updater - INFO - updater 131986981675520 Patching /home/steve/Qt/6.7.3/gcc_64/lib/libQt6Designer.prl
2026-06-16 15:00:29,963 - aqt.updater - INFO - updater 131986981675520 Patching /home/steve/Qt/6.7.3/gcc_64/lib/libQt6DBus.prl
2026-06-16 15:00:29,963 - aqt.updater - INFO - updater 131986981675520 Patching /home/steve/Qt/6.7.3/gcc_64/lib/libQt6LabsQmlModels.prl
2026-06-16 15:00:29,963 - aqt.updater - INFO - updater 131986981675520 Patching /home/steve/Qt/6.7.3/gcc_64/lib/libQt6QuickControls2MaterialStyleImpl.prl
2026-06-16 15:00:29,964 - aqt.updater - INFO - updater 131986981675520 Patching /home/steve/Qt/6.7.3/gcc_64/lib/libQt6QuickWidgets.prl
2026-06-16 15:00:29,964 - aqt.updater - INFO - updater 131986981675520 Patching /home/steve/Qt/6.7.3/gcc_64/lib/libQt6QuickDialogs2.prl
2026-06-16 15:00:29,964 - aqt.updater - INFO - updater 131986981675520 Patching /home/steve/Qt/6.7.3/gcc_64/lib/libQt6QuickTemplates2.prl
2026-06-16 15:00:29,964 - aqt.updater - INFO - updater 131986981675520 Patching /home/steve/Qt/6.7.3/gcc_64/lib/libQt6Qml.prl
2026-06-16 15:00:29,964 - aqt.updater - INFO - updater 131986981675520 Patching /home/steve/Qt/6.7.3/gcc_64/lib/libQt6PrintSupport.prl
2026-06-16 15:00:29,965 - aqt.updater - INFO - updater 131986981675520 Patching /home/steve/Qt/6.7.3/gcc_64/lib/libQt6QuickTestUtils.prl
2026-06-16 15:00:29,965 - aqt.updater - INFO - updater 131986981675520 Patching /home/steve/Qt/6.7.3/gcc_64/lib/libQt6ExampleIcons.prl
2026-06-16 15:00:29,965 - aqt.updater - INFO - updater 131986981675520 Patching /home/steve/Qt/6.7.3/gcc_64/lib/libQt6QuickDialogs2QuickImpl.prl
2026-06-16 15:00:29,966 - aqt.updater - INFO - updater 131986981675520 Patching /home/steve/Qt/6.7.3/gcc_64/lib/libQt6QuickShapes.prl
2026-06-16 15:00:29,966 - aqt.updater - INFO - updater 131986981675520 Patching /home/steve/Qt/6.7.3/gcc_64/lib/libQt6DesignerComponents.prl
2026-06-16 15:00:29,966 - aqt.updater - INFO - updater 131986981675520 Patching /home/steve/Qt/6.7.3/gcc_64/lib/libQt6QmlWorkerScript.prl
2026-06-16 15:00:29,966 - aqt.updater - INFO - updater 131986981675520 Patching /home/steve/Qt/6.7.3/gcc_64/lib/libQt6Xml.prl
2026-06-16 15:00:29,967 - aqt.updater - INFO - updater 131986981675520 Patching /home/steve/Qt/6.7.3/gcc_64/lib/libQt6QmlLS.prl
2026-06-16 15:00:29,967 - aqt.updater - INFO - updater 131986981675520 Patching /home/steve/Qt/6.7.3/gcc_64/lib/libQt6OpenGL.prl
2026-06-16 15:00:29,967 - aqt.updater - INFO - updater 131986981675520 Patching /home/steve/Qt/6.7.3/gcc_64/lib/libQt6QmlToolingSettings.prl
2026-06-16 15:00:29,967 - aqt.updater - INFO - updater 131986981675520 Patching /home/steve/Qt/6.7.3/gcc_64/lib/libQt6EglFsKmsGbmSupport.prl
2026-06-16 15:00:29,968 - aqt.updater - INFO - updater 131986981675520 Patching /home/steve/Qt/6.7.3/gcc_64/lib/libQt6LabsWavefrontMesh.prl
2026-06-16 15:00:29,968 - aqt.updater - INFO - updater 131986981675520 Patching /home/steve/Qt/6.7.3/gcc_64/lib/libQt6LabsSettings.prl
2026-06-16 15:00:29,968 - aqt.updater - INFO - updater 131986981675520 Patching /home/steve/Qt/6.7.3/gcc_64/lib/libQt6WlShellIntegration.prl
2026-06-16 15:00:29,969 - aqt.updater - INFO - updater 131986981675520 Patching /home/steve/Qt/6.7.3/gcc_64/lib/libQt6PacketProtocol.prl
2026-06-16 15:00:29,969 - aqt.updater - INFO - updater 131986981675520 Patching /home/steve/Qt/6.7.3/gcc_64/lib/libQt6LabsFolderListModel.prl
2026-06-16 15:00:29,969 - aqt.updater - INFO - updater 131986981675520 Patching /home/steve/Qt/6.7.3/gcc_64/lib/libQt6UiTools.prl
2026-06-16 15:00:29,969 - aqt.updater - INFO - updater 131986981675520 Patching /home/steve/Qt/6.7.3/gcc_64/lib/libQt6QmlLocalStorage.prl
2026-06-16 15:00:29,969 - aqt.updater - INFO - updater 131986981675520 Patching /home/steve/Qt/6.7.3/gcc_64/lib/libQt6Test.prl
2026-06-16 15:00:29,970 - aqt.updater - INFO - updater 131986981675520 Patching /home/steve/Qt/6.7.3/gcc_64/lib/libQt6QuickControls2Basic.prl
2026-06-16 15:00:29,970 - aqt.updater - INFO - updater 131986981675520 Patching /home/steve/Qt/6.7.3/gcc_64/lib/libQt6WaylandEglClientHwIntegration.prl
2026-06-16 15:00:29,970 - aqt.updater - INFO - updater 131986981675520 Patching /home/steve/Qt/6.7.3/gcc_64/lib/libQt6QuickTest.prl
2026-06-16 15:00:29,970 - aqt.main - INFO - installer 131986981675520 Finished installation
2026-06-16 15:00:29,970 - aqt.main - INFO - installer 131986981675520 Time elapsed: 35.74271649 second
